[0412/130012.831:ERROR:process_reader_win.cc(123)] NtOpenThread: {Access Denied} A process has requested access to an object, but has not been granted those access rights. (0xc0000022)
[0412/130012.845:ERROR:exception_snapshot_win.cc(88)] thread ID 13300 not found in process
[0412/130012.845:WARNING:crash_report_exception_handler.cc(62)] ProcessSnapshotWin::Initialize failed
[0412/130455.288:ERROR:process_reader_win.cc(151)] SuspendThread: Access is denied. (0x5)
[0412/130455.289:ERROR:process_reader_win.cc(151)] SuspendThread: Access is denied. (0x5)
[0412/130455.289:ERROR:process_reader_win.cc(151)] SuspendThread: Access is denied. (0x5)
[0412/130455.289:ERROR:process_reader_win.cc(151)] SuspendThread: Access is denied. (0x5)
[0412/130455.289:ERROR:process_reader_win.cc(151)] SuspendThread: Access is denied. (0x5)
[0412/130455.289:ERROR:process_reader_win.cc(151)] SuspendThread: Access is denied. (0x5)
[0412/130455.289:ERROR:process_reader_win.cc(151)] SuspendThread: Access is denied. (0x5)
[0412/130455.289:ERROR:process_reader_win.cc(151)] SuspendThread: Access is denied. (0x5)
[0412/130455.289:ERROR:process_reader_win.cc(123)] NtOpenThread: {Access Denied} A process has requested access to an object, but has not been granted those access rights. (0xc0000022)
[0412/130455.290:ERROR:exception_snapshot_win.cc(88)] thread ID 15276 not found in process
[0412/130455.290:WARNING:crash_report_exception_handler.cc(62)] ProcessSnapshotWin::Initialize failed
[0412/130455.321:ERROR:process_reader_win.cc(151)] SuspendThread: Access is denied. (0x5)
[0412/130455.322:ERROR:process_reader_win.cc(151)] SuspendThread: Access is denied. (0x5)
[0412/130455.322:ERROR:process_reader_win.cc(123)] NtOpenThread: {Access Denied} A process has requested access to an object, but has not been granted those access rights. (0xc0000022)
[0412/130455.322:ERROR:exception_snapshot_win.cc(88)] thread ID 15588 not found in process
[0412/130455.322:WARNING:crash_report_exception_handler.cc(62)] ProcessSnapshotWin::Initialize failed
[0412/160110.138:ERROR:process_reader_win.cc(123)] NtOpenThread: {Access Denied} A process has requested access to an object, but has not been granted those access rights. (0xc0000022)
[0412/160110.190:ERROR:exception_snapshot_win.cc(88)] thread ID 15344 not found in process
[0412/160110.190:WARNING:crash_report_exception_handler.cc(62)] ProcessSnapshotWin::Initialize failed
[0412/160110.209:ERROR:process_reader_win.cc(123)] NtOpenThread: {Access Denied} A process has requested access to an object, but has not been granted those access rights. (0xc0000022)
[0412/160110.210:ERROR:exception_snapshot_win.cc(88)] thread ID 5696 not found in process
[0412/160110.210:WARNING:crash_report_exception_handler.cc(62)] ProcessSnapshotWin::Initialize failed
[0412/161858.892:ERROR:process_reader_win.cc(123)] NtOpenThread: {Access Denied} A process has requested access to an object, but has not been granted those access rights. (0xc0000022)
[0412/161858.892:ERROR:exception_snapshot_win.cc(88)] thread ID 17040 not found in process
[0412/161858.892:WARNING:crash_report_exception_handler.cc(62)] ProcessSnapshotWin::Initialize failed
[0412/162707.214:ERROR:process_reader_win.cc(151)] SuspendThread: Access is denied. (0x5)
[0412/162707.234:ERROR:process_reader_win.cc(123)] NtOpenThread: {Access Denied} A process has requested access to an object, but has not been granted those access rights. (0xc0000022)
[0412/162707.234:ERROR:exception_snapshot_win.cc(88)] thread ID 17748 not found in process
[0412/162707.234:WARNING:crash_report_exception_handler.cc(62)] ProcessSnapshotWin::Initialize failed
[0412/183746.907:ERROR:process_reader_win.cc(151)] SuspendThread: Access is denied. (0x5)
[0412/183746.908:ERROR:process_reader_win.cc(151)] SuspendThread: Access is denied. (0x5)
[0412/183746.908:ERROR:process_reader_win.cc(151)] SuspendThread: Access is denied. (0x5)
[0412/183746.908:ERROR:process_reader_win.cc(151)] SuspendThread: Access is denied. (0x5)
[0412/183746.908:ERROR:process_reader_win.cc(151)] SuspendThread: Access is denied. (0x5)
[0412/183746.908:ERROR:process_reader_win.cc(151)] SuspendThread: Access is denied. (0x5)
[0412/183746.908:ERROR:process_reader_win.cc(123)] NtOpenThread: {Access Denied} A process has requested access to an object, but has not been granted those access rights. (0xc0000022)
[0412/183746.908:ERROR:exception_snapshot_win.cc(88)] thread ID 14388 not found in process
[0412/183746.908:WARNING:crash_report_exception_handler.cc(62)] ProcessSnapshotWin::Initialize failed
[0412/183746.908:ERROR:process_reader_win.cc(151)] SuspendThread: Access is denied. (0x5)
[0412/183746.908:ERROR:process_reader_win.cc(123)] NtOpenThread: {Access Denied} A process has requested access to an object, but has not been granted those access rights. (0xc0000022)
[0412/183746.909:ERROR:exception_snapshot_win.cc(88)] thread ID 9772 not found in process
[0412/183746.909:WARNING:crash_report_exception_handler.cc(62)] ProcessSnapshotWin::Initialize failed
[0412/183746.937:ERROR:process_reader_win.cc(123)] NtOpenThread: {Access Denied} A process has requested access to an object, but has not been granted those access rights. (0xc0000022)
[0412/183746.937:ERROR:exception_snapshot_win.cc(88)] thread ID 17948 not found in process
[0412/183746.937:WARNING:crash_report_exception_handler.cc(62)] ProcessSnapshotWin::Initialize failed
[0412/183746.937:ERROR:process_reader_win.cc(123)] NtOpenThread: {Access Denied} A process has requested access to an object, but has not been granted those access rights. (0xc0000022)
[0412/183746.938:ERROR:exception_snapshot_win.cc(88)] thread ID 9768 not found in process
[0412/183746.938:WARNING:crash_report_exception_handler.cc(62)] ProcessSnapshotWin::Initialize failed
[0412/183747.042:ERROR:process_reader_win.cc(123)] NtOpenThread: {Access Denied} A process has requested access to an object, but has not been granted those access rights. (0xc0000022)
[0412/183747.042:ERROR:exception_snapshot_win.cc(88)] thread ID 14768 not found in process
[0412/183747.042:WARNING:crash_report_exception_handler.cc(62)] ProcessSnapshotWin::Initialize failed
[0414/140226.798:ERROR:process_reader_win.cc(151)] SuspendThread: Access is denied. (0x5)
[0414/140226.798:ERROR:process_reader_win.cc(151)] SuspendThread: Access is denied. (0x5)
[0414/140226.799:ERROR:process_reader_win.cc(151)] SuspendThread: Access is denied. (0x5)
[0414/140226.799:ERROR:process_reader_win.cc(151)] SuspendThread: Access is denied. (0x5)
[0414/140226.799:ERROR:process_reader_win.cc(151)] SuspendThread: Access is denied. (0x5)
[0414/140226.799:ERROR:process_reader_win.cc(151)] SuspendThread: Access is denied. (0x5)
[0414/140226.799:ERROR:process_reader_win.cc(151)] SuspendThread: Access is denied. (0x5)
[0414/140226.799:ERROR:process_reader_win.cc(151)] SuspendThread: Access is denied. (0x5)
[0414/140226.799:ERROR:process_reader_win.cc(151)] SuspendThread: Access is denied. (0x5)
[0414/140226.799:ERROR:process_reader_win.cc(151)] SuspendThread: Access is denied. (0x5)
[0414/140226.799:ERROR:process_reader_win.cc(151)] SuspendThread: Access is denied. (0x5)
[0414/140226.799:ERROR:process_reader_win.cc(151)] SuspendThread: Access is denied. (0x5)
[0414/140226.799:ERROR:process_reader_win.cc(151)] SuspendThread: Access is denied. (0x5)
[0414/140226.799:ERROR:process_reader_win.cc(151)] SuspendThread: Access is denied. (0x5)
[0414/140226.799:ERROR:process_reader_win.cc(151)] SuspendThread: Access is denied. (0x5)
[0414/140226.799:ERROR:process_reader_win.cc(151)] SuspendThread: Access is denied. (0x5)
[0414/140226.799:ERROR:process_reader_win.cc(151)] SuspendThread: Access is denied. (0x5)
[0414/140226.799:ERROR:process_reader_win.cc(151)] SuspendThread: Access is denied. (0x5)
[0414/140226.799:ERROR:process_reader_win.cc(151)] SuspendThread: Access is denied. (0x5)
[0414/140226.799:ERROR:process_reader_win.cc(151)] SuspendThread: Access is denied. (0x5)
[0414/140226.799:ERROR:process_reader_win.cc(151)] SuspendThread: Access is denied. (0x5)
[0414/140226.799:ERROR:process_reader_win.cc(151)] SuspendThread: Access is denied. (0x5)
[0414/140226.799:ERROR:process_reader_win.cc(151)] SuspendThread: Access is denied. (0x5)
[0414/140226.800:ERROR:process_reader_win.cc(151)] SuspendThread: Access is denied. (0x5)
[0414/140226.800:ERROR:process_reader_win.cc(151)] SuspendThread: Access is denied. (0x5)
[0414/140226.800:ERROR:process_reader_win.cc(151)] SuspendThread: Access is denied. (0x5)
[0414/140226.800:ERROR:process_reader_win.cc(151)] SuspendThread: Access is denied. (0x5)
[0414/140226.800:ERROR:process_reader_win.cc(151)] SuspendThread: Access is denied. (0x5)
[0414/140226.800:ERROR:process_reader_win.cc(123)] NtOpenThread: {Access Denied} A process has requested access to an object, but has not been granted those access rights. (0xc0000022)
[0414/140226.799:ERROR:process_reader_win.cc(123)] NtOpenThread: {Access Denied} A process has requested access to an object, but has not been granted those access rights. (0xc0000022)
[0414/140226.838:ERROR:exception_snapshot_win.cc(88)] thread ID 20312 not found in process
[0414/140226.838:ERROR:exception_snapshot_win.cc(88)] thread ID 18124 not found in process
[0414/140226.838:WARNING:crash_report_exception_handler.cc(62)] ProcessSnapshotWin::Initialize failed
[0414/140226.838:WARNING:crash_report_exception_handler.cc(62)] ProcessSnapshotWin::Initialize failed
[0414/143003.778:ERROR:process_reader_win.cc(151)] SuspendThread: Access is denied. (0x5)
[0414/143003.778:ERROR:process_reader_win.cc(151)] SuspendThread: Access is denied. (0x5)
[0414/143003.779:ERROR:process_reader_win.cc(151)] SuspendThread: Access is denied. (0x5)
[0414/143003.779:ERROR:process_reader_win.cc(151)] SuspendThread: Access is denied. (0x5)
[0414/143003.779:ERROR:process_reader_win.cc(151)] SuspendThread: Access is denied. (0x5)
[0414/143003.779:ERROR:process_reader_win.cc(151)] SuspendThread: Access is denied. (0x5)
[0414/143003.779:ERROR:process_reader_win.cc(151)] SuspendThread: Access is denied. (0x5)
[0414/143003.779:ERROR:process_reader_win.cc(151)] SuspendThread: Access is denied. (0x5)
[0414/143003.779:ERROR:process_reader_win.cc(151)] SuspendThread: Access is denied. (0x5)
[0414/143003.779:ERROR:process_reader_win.cc(151)] SuspendThread: Access is denied. (0x5)
[0414/143003.779:ERROR:process_reader_win.cc(123)] NtOpenThread: {Access Denied} A process has requested access to an object, but has not been granted those access rights. (0xc0000022)
[0414/143003.779:ERROR:exception_snapshot_win.cc(88)] thread ID 4460 not found in process
[0414/143003.779:WARNING:crash_report_exception_handler.cc(62)] ProcessSnapshotWin::Initialize failed
[0414/143003.796:ERROR:process_reader_win.cc(151)] SuspendThread: Access is denied. (0x5)
[0414/143003.797:ERROR:process_reader_win.cc(151)] SuspendThread: Access is denied. (0x5)
[0414/143003.797:ERROR:process_reader_win.cc(151)] SuspendThread: Access is denied. (0x5)
[0414/143003.797:ERROR:process_reader_win.cc(151)] SuspendThread: Access is denied. (0x5)
[0414/143003.797:ERROR:process_reader_win.cc(151)] SuspendThread: Access is denied. (0x5)
[0414/143003.797:ERROR:process_reader_win.cc(151)] SuspendThread: Access is denied. (0x5)
[0414/143003.797:ERROR:process_reader_win.cc(151)] SuspendThread: Access is denied. (0x5)
[0414/143003.797:ERROR:process_reader_win.cc(123)] NtOpenThread: {Access Denied} A process has requested access to an object, but has not been granted those access rights. (0xc0000022)
[0414/143003.797:ERROR:exception_snapshot_win.cc(88)] thread ID 14640 not found in process
[0414/143003.797:WARNING:crash_report_exception_handler.cc(62)] ProcessSnapshotWin::Initialize failed
[0414/143003.826:ERROR:process_reader_win.cc(151)] SuspendThread: Access is denied. (0x5)
[0414/143003.827:ERROR:process_reader_win.cc(123)] NtOpenThread: {Access Denied} A process has requested access to an object, but has not been granted those access rights. (0xc0000022)
[0414/143003.827:ERROR:exception_snapshot_win.cc(88)] thread ID 8332 not found in process
[0414/143003.827:WARNING:crash_report_exception_handler.cc(62)] ProcessSnapshotWin::Initialize failed
[0414/143003.842:ERROR:process_reader_win.cc(123)] NtOpenThread: {Access Denied} A process has requested access to an object, but has not been granted those access rights. (0xc0000022)
[0414/143003.843:ERROR:exception_snapshot_win.cc(88)] thread ID 2640 not found in process
[0414/143003.843:WARNING:crash_report_exception_handler.cc(62)] ProcessSnapshotWin::Initialize failed
[0414/143003.855:ERROR:process_reader_win.cc(123)] NtOpenThread: {Access Denied} A process has requested access to an object, but has not been granted those access rights. (0xc0000022)
[0414/143003.855:ERROR:exception_snapshot_win.cc(88)] thread ID 4756 not found in process
[0414/143003.855:WARNING:crash_report_exception_handler.cc(62)] ProcessSnapshotWin::Initialize failed
[0414/143003.857:ERROR:process_reader_win.cc(123)] NtOpenThread: {Access Denied} A process has requested access to an object, but has not been granted those access rights. (0xc0000022)
[0414/143003.858:ERROR:exception_snapshot_win.cc(88)] thread ID 10788 not found in process
[0414/143003.858:WARNING:crash_report_exception_handler.cc(62)] ProcessSnapshotWin::Initialize failed
[0414/143003.870:ERROR:process_reader_win.cc(151)] SuspendThread: Access is denied. (0x5)
[0414/143003.871:ERROR:process_reader_win.cc(123)] NtOpenThread: {Access Denied} A process has requested access to an object, but has not been granted those access rights. (0xc0000022)
[0414/143003.871:ERROR:exception_snapshot_win.cc(88)] thread ID 3560 not found in process
[0414/143003.871:WARNING:crash_report_exception_handler.cc(62)] ProcessSnapshotWin::Initialize failed
[0414/143216.925:ERROR:process_reader_win.cc(123)] NtOpenThread: {Access Denied} A process has requested access to an object, but has not been granted those access rights. (0xc0000022)
[0414/143216.926:ERROR:exception_snapshot_win.cc(88)] thread ID 20256 not found in process
[0414/143216.926:WARNING:crash_report_exception_handler.cc(62)] ProcessSnapshotWin::Initialize failed
[0414/143508.224:ERROR:process_reader_win.cc(123)] NtOpenThread: {Access Denied} A process has requested access to an object, but has not been granted those access rights. (0xc0000022)
[0414/143508.225:ERROR:exception_snapshot_win.cc(88)] thread ID 5884 not found in process
[0414/143508.225:WARNING:crash_report_exception_handler.cc(62)] ProcessSnapshotWin::Initialize failed
[0414/143643.182:ERROR:process_reader_win.cc(123)] NtOpenThread: {Access Denied} A process has requested access to an object, but has not been granted those access rights. (0xc0000022)
[0414/143643.183:ERROR:exception_snapshot_win.cc(88)] thread ID 19400 not found in process
[0414/143643.183:WARNING:crash_report_exception_handler.cc(62)] ProcessSnapshotWin::Initialize failed
[0414/144002.165:ERROR:process_reader_win.cc(123)] NtOpenThread: {Access Denied} A process has requested access to an object, but has not been granted those access rights. (0xc0000022)
[0414/144002.166:ERROR:exception_snapshot_win.cc(88)] thread ID 7784 not found in process
[0414/144002.166:WARNING:crash_report_exception_handler.cc(62)] ProcessSnapshotWin::Initialize failed
[0414/144327.741:ERROR:process_reader_win.cc(151)] SuspendThread: Access is denied. (0x5)
[0414/144327.742:ERROR:process_reader_win.cc(151)] SuspendThread: Access is denied. (0x5)
[0414/144327.742:ERROR:process_reader_win.cc(123)] NtOpenThread: {Access Denied} A process has requested access to an object, but has not been granted those access rights. (0xc0000022)
[0414/144327.742:ERROR:exception_snapshot_win.cc(88)] thread ID 16648 not found in process
[0414/144327.742:WARNING:crash_report_exception_handler.cc(62)] ProcessSnapshotWin::Initialize failed
[0414/144327.833:ERROR:process_reader_win.cc(123)] NtOpenThread: {Access Denied} A process has requested access to an object, but has not been granted those access rights. (0xc0000022)
[0414/144327.834:ERROR:exception_snapshot_win.cc(88)] thread ID 11444 not found in process
[0414/144327.834:WARNING:crash_report_exception_handler.cc(62)] ProcessSnapshotWin::Initialize failed
[0414/144914.005:ERROR:process_reader_win.cc(151)] SuspendThread: Access is denied. (0x5)
[0414/144914.006:ERROR:process_reader_win.cc(151)] SuspendThread: Access is denied. (0x5)
[0414/144914.006:ERROR:process_reader_win.cc(151)] SuspendThread: Access is denied. (0x5)
[0414/144914.006:ERROR:process_reader_win.cc(151)] SuspendThread: Access is denied. (0x5)
[0414/144914.006:ERROR:process_reader_win.cc(151)] SuspendThread: Access is denied. (0x5)
[0414/144914.006:ERROR:process_reader_win.cc(151)] SuspendThread: Access is denied. (0x5)
[0414/144914.006:ERROR:process_reader_win.cc(151)] SuspendThread: Access is denied. (0x5)
[0414/144914.006:ERROR:process_reader_win.cc(151)] SuspendThread: Access is denied. (0x5)
[0414/144914.006:ERROR:process_reader_win.cc(151)] SuspendThread: Access is denied. (0x5)
[0414/144914.006:ERROR:process_reader_win.cc(151)] SuspendThread: Access is denied. (0x5)
[0414/144914.006:ERROR:process_reader_win.cc(123)] NtOpenThread: {Access Denied} A process has requested access to an object, but has not been granted those access rights. (0xc0000022)
[0414/144914.006:ERROR:exception_snapshot_win.cc(88)] thread ID 4764 not found in process
[0414/144914.006:WARNING:crash_report_exception_handler.cc(62)] ProcessSnapshotWin::Initialize failed
[0414/144914.035:ERROR:process_reader_win.cc(123)] NtOpenThread: {Access Denied} A process has requested access to an object, but has not been granted those access rights. (0xc0000022)
[0414/144914.035:ERROR:exception_snapshot_win.cc(88)] thread ID 3428 not found in process
[0414/144914.035:WARNING:crash_report_exception_handler.cc(62)] ProcessSnapshotWin::Initialize failed
[0414/145352.476:ERROR:process_reader_win.cc(123)] NtOpenThread: {Access Denied} A process has requested access to an object, but has not been granted those access rights. (0xc0000022)
[0414/145352.477:ERROR:exception_snapshot_win.cc(88)] thread ID 17924 not found in process
[0414/145352.477:WARNING:crash_report_exception_handler.cc(62)] ProcessSnapshotWin::Initialize failed
[0414/150407.831:ERROR:process_reader_win.cc(123)] NtOpenThread: {Access Denied} A process has requested access to an object, but has not been granted those access rights. (0xc0000022)
[0414/150407.832:ERROR:exception_snapshot_win.cc(88)] thread ID 15436 not found in process
[0414/150407.832:WARNING:crash_report_exception_handler.cc(62)] ProcessSnapshotWin::Initialize failed
[0414/150407.908:ERROR:process_reader_win.cc(123)] NtOpenThread: {Access Denied} A process has requested access to an object, but has not been granted those access rights. (0xc0000022)
[0414/150407.909:ERROR:exception_snapshot_win.cc(88)] thread ID 7404 not found in process
[0414/150407.909:WARNING:crash_report_exception_handler.cc(62)] ProcessSnapshotWin::Initialize failed
[0415/145150.492:ERROR:process_reader_win.cc(123)] NtOpenThread: {Access Denied} A process has requested access to an object, but has not been granted those access rights. (0xc0000022)
[0415/145150.493:ERROR:exception_snapshot_win.cc(88)] thread ID 6692 not found in process
[0415/145150.493:WARNING:crash_report_exception_handler.cc(62)] ProcessSnapshotWin::Initialize failed
[0415/145150.524:ERROR:process_reader_win.cc(123)] NtOpenThread: {Access Denied} A process has requested access to an object, but has not been granted those access rights. (0xc0000022)
[0415/145150.524:ERROR:exception_snapshot_win.cc(88)] thread ID 18296 not found in process
[0415/145150.524:WARNING:crash_report_exception_handler.cc(62)] ProcessSnapshotWin::Initialize failed
[0415/190603.315:ERROR:process_reader_win.cc(123)] NtOpenThread: {Access Denied} A process has requested access to an object, but has not been granted those access rights. (0xc0000022)
[0415/190603.315:ERROR:exception_snapshot_win.cc(88)] thread ID 8048 not found in process
[0415/190603.316:WARNING:crash_report_exception_handler.cc(62)] ProcessSnapshotWin::Initialize failed
[0415/192248.669:ERROR:process_reader_win.cc(123)] NtOpenThread: {Access Denied} A process has requested access to an object, but has not been granted those access rights. (0xc0000022)
[0415/192248.670:ERROR:exception_snapshot_win.cc(88)] thread ID 6508 not found in process
[0415/192248.670:WARNING:crash_report_exception_handler.cc(62)] ProcessSnapshotWin::Initialize failed
[0415/192248.670:ERROR:process_reader_win.cc(123)] NtOpenThread: {Access Denied} A process has requested access to an object, but has not been granted those access rights. (0xc0000022)
[0415/192248.671:ERROR:exception_snapshot_win.cc(88)] thread ID 14444 not found in process
[0415/192248.671:WARNING:crash_report_exception_handler.cc(62)] ProcessSnapshotWin::Initialize failed
[0415/193121.017:ERROR:process_reader_win.cc(151)] SuspendThread: Access is denied. (0x5)
[0415/193121.018:ERROR:process_reader_win.cc(123)] NtOpenThread: {Access Denied} A process has requested access to an object, but has not been granted those access rights. (0xc0000022)
[0415/193121.018:ERROR:exception_snapshot_win.cc(88)] thread ID 10316 not found in process
[0415/193121.018:WARNING:crash_report_exception_handler.cc(62)] ProcessSnapshotWin::Initialize failed
[0415/193318.449:ERROR:process_reader_win.cc(123)] NtOpenThread: {Access Denied} A process has requested access to an object, but has not been granted those access rights. (0xc0000022)
[0415/193318.450:ERROR:exception_snapshot_win.cc(88)] thread ID 12864 not found in process
[0415/193318.450:WARNING:crash_report_exception_handler.cc(62)] ProcessSnapshotWin::Initialize failed
[0416/123104.468:ERROR:process_reader_win.cc(123)] NtOpenThread: {Access Denied} A process has requested access to an object, but has not been granted those access rights. (0xc0000022)
[0416/123104.486:ERROR:exception_snapshot_win.cc(88)] thread ID 11064 not found in process
[0416/123104.486:WARNING:crash_report_exception_handler.cc(62)] ProcessSnapshotWin::Initialize failed
[0416/123304.427:ERROR:process_reader_win.cc(123)] NtOpenThread: {Access Denied} A process has requested access to an object, but has not been granted those access rights. (0xc0000022)
[0416/123304.430:ERROR:exception_snapshot_win.cc(88)] thread ID 15420 not found in process
[0416/123304.430:WARNING:crash_report_exception_handler.cc(62)] ProcessSnapshotWin::Initialize failed
[0416/131347.574:ERROR:process_reader_win.cc(123)] NtOpenThread: {Access Denied} A process has requested access to an object, but has not been granted those access rights. (0xc0000022)
[0416/131347.574:ERROR:exception_snapshot_win.cc(88)] thread ID 19848 not found in process
[0416/131347.574:WARNING:crash_report_exception_handler.cc(62)] ProcessSnapshotWin::Initialize failed
[0416/133802.551:ERROR:process_reader_win.cc(123)] NtOpenThread: {Access Denied} A process has requested access to an object, but has not been granted those access rights. (0xc0000022)
[0416/133802.551:ERROR:exception_snapshot_win.cc(88)] thread ID 18532 not found in process
[0416/133802.551:WARNING:crash_report_exception_handler.cc(62)] ProcessSnapshotWin::Initialize failed
[0416/134130.621:ERROR:process_reader_win.cc(123)] NtOpenThread: {Access Denied} A process has requested access to an object, but has not been granted those access rights. (0xc0000022)
[0416/134130.621:ERROR:exception_snapshot_win.cc(88)] thread ID 17960 not found in process
[0416/134130.621:WARNING:crash_report_exception_handler.cc(62)] ProcessSnapshotWin::Initialize failed
[0416/134921.763:ERROR:process_reader_win.cc(123)] NtOpenThread: {Access Denied} A process has requested access to an object, but has not been granted those access rights. (0xc0000022)
[0416/134921.763:ERROR:exception_snapshot_win.cc(88)] thread ID 14596 not found in process
[0416/134921.763:WARNING:crash_report_exception_handler.cc(62)] ProcessSnapshotWin::Initialize failed
[0427/160106.538:ERROR:process_reader_win.cc(123)] NtOpenThread: {Access Denied} A process has requested access to an object, but has not been granted those access rights. (0xc0000022)
[0427/160106.643:ERROR:exception_snapshot_win.cc(88)] thread ID 6964 not found in process
[0427/160106.643:WARNING:crash_report_exception_handler.cc(62)] ProcessSnapshotWin::Initialize failed
[0427/160106.558:ERROR:process_reader_win.cc(123)] NtOpenThread: {Access Denied} A process has requested access to an object, but has not been granted those access rights. (0xc0000022)
[0427/160106.643:ERROR:exception_snapshot_win.cc(88)] thread ID 10264 not found in process
[0427/160106.643:WARNING:crash_report_exception_handler.cc(62)] ProcessSnapshotWin::Initialize failed
[0427/160106.563:ERROR:process_reader_win.cc(123)] NtOpenThread: {Access Denied} A process has requested access to an object, but has not been granted those access rights. (0xc0000022)
[0427/160106.713:ERROR:exception_snapshot_win.cc(88)] thread ID 5884 not found in process
[0427/160106.713:WARNING:crash_report_exception_handler.cc(62)] ProcessSnapshotWin::Initialize failed
[0427/160106.713:ERROR:scoped_process_suspend.cc(40)] NtResumeProcess: An attempt was made to access an exiting process. (0xc000010a)
[0427/165203.563:ERROR:process_reader_win.cc(123)] NtOpenThread: {Access Denied} A process has requested access to an object, but has not been granted those access rights. (0xc0000022)
[0427/165203.563:ERROR:exception_snapshot_win.cc(88)] thread ID 6292 not found in process
[0427/165203.563:WARNING:crash_report_exception_handler.cc(62)] ProcessSnapshotWin::Initialize failed
[0427/165203.610:ERROR:process_reader_win.cc(123)] NtOpenThread: {Access Denied} A process has requested access to an object, but has not been granted those access rights. (0xc0000022)
[0427/165203.610:ERROR:exception_snapshot_win.cc(88)] thread ID 9988 not found in process
[0427/165203.610:WARNING:crash_report_exception_handler.cc(62)] ProcessSnapshotWin::Initialize failed
[0427/165203.670:ERROR:process_reader_win.cc(123)] NtOpenThread: {Access Denied} A process has requested access to an object, but has not been granted those access rights. (0xc0000022)
[0427/165203.670:ERROR:exception_snapshot_win.cc(88)] thread ID 6764 not found in process
[0427/165203.670:WARNING:crash_report_exception_handler.cc(62)] ProcessSnapshotWin::Initialize failed
[0427/165203.745:ERROR:process_reader_win.cc(123)] NtOpenThread: {Access Denied} A process has requested access to an object, but has not been granted those access rights. (0xc0000022)
[0427/165203.745:ERROR:exception_snapshot_win.cc(88)] thread ID 3240 not found in process
[0427/165203.745:WARNING:crash_report_exception_handler.cc(62)] ProcessSnapshotWin::Initialize failed
[0427/165204.058:ERROR:process_reader_win.cc(123)] NtOpenThread: {Access Denied} A process has requested access to an object, but has not been granted those access rights. (0xc0000022)
[0427/165204.058:ERROR:exception_snapshot_win.cc(88)] thread ID 3588 not found in process
[0427/165204.058:WARNING:crash_report_exception_handler.cc(62)] ProcessSnapshotWin::Initialize failed
[0427/171942.738:ERROR:process_reader_win.cc(123)] NtOpenThread: {Access Denied} A process has requested access to an object, but has not been granted those access rights. (0xc0000022)
[0427/171942.740:ERROR:exception_snapshot_win.cc(88)] thread ID 7500 not found in process
[0427/171942.740:WARNING:crash_report_exception_handler.cc(62)] ProcessSnapshotWin::Initialize failed
[0427/171942.845:ERROR:process_reader_win.cc(123)] NtOpenThread: {Access Denied} A process has requested access to an object, but has not been granted those access rights. (0xc0000022)
[0427/171942.845:ERROR:exception_snapshot_win.cc(88)] thread ID 7536 not found in process
[0427/171942.845:WARNING:crash_report_exception_handler.cc(62)] ProcessSnapshotWin::Initialize failed
[0427/171942.890:ERROR:process_reader_win.cc(123)] NtOpenThread: {Access Denied} A process has requested access to an object, but has not been granted those access rights. (0xc0000022)
[0427/171942.893:ERROR:exception_snapshot_win.cc(88)] thread ID 7604 not found in process
[0427/171942.893:WARNING:crash_report_exception_handler.cc(62)] ProcessSnapshotWin::Initialize failed
[0427/171942.978:ERROR:process_reader_win.cc(123)] NtOpenThread: {Access Denied} A process has requested access to an object, but has not been granted those access rights. (0xc0000022)
[0427/171942.978:ERROR:exception_snapshot_win.cc(88)] thread ID 8732 not found in process
[0427/171942.978:WARNING:crash_report_exception_handler.cc(62)] ProcessSnapshotWin::Initialize failed
[0427/174709.788:ERROR:process_reader_win.cc(151)] SuspendThread: Access is denied. (0x5)
[0427/174709.788:ERROR:process_reader_win.cc(151)] SuspendThread: Access is denied. (0x5)
[0427/174709.802:ERROR:process_reader_win.cc(151)] SuspendThread: Access is denied. (0x5)
[0427/174709.849:ERROR:process_reader_win.cc(151)] SuspendThread: Access is denied. (0x5)
[0427/174709.856:ERROR:process_reader_win.cc(151)] SuspendThread: Access is denied. (0x5)
[0427/174709.858:ERROR:process_reader_win.cc(151)] SuspendThread: Access is denied. (0x5)
[0427/174709.866:ERROR:process_reader_win.cc(151)] SuspendThread: Access is denied. (0x5)
[0427/174709.866:ERROR:process_reader_win.cc(151)] SuspendThread: Access is denied. (0x5)
[0427/174709.866:ERROR:process_reader_win.cc(151)] SuspendThread: Access is denied. (0x5)
[0427/174709.866:ERROR:process_reader_win.cc(151)] SuspendThread: Access is denied. (0x5)
[0427/174709.866:ERROR:process_reader_win.cc(151)] SuspendThread: Access is denied. (0x5)
[0427/174709.866:ERROR:process_reader_win.cc(151)] SuspendThread: Access is denied. (0x5)
[0427/174709.866:ERROR:process_reader_win.cc(151)] SuspendThread: Access is denied. (0x5)
[0427/174709.866:ERROR:process_reader_win.cc(151)] SuspendThread: Access is denied. (0x5)
[0427/174709.866:ERROR:process_reader_win.cc(151)] SuspendThread: Access is denied. (0x5)
[0427/174709.866:ERROR:process_reader_win.cc(151)] SuspendThread: Access is denied. (0x5)
[0427/174709.866:ERROR:process_reader_win.cc(151)] SuspendThread: Access is denied. (0x5)
[0427/174709.866:ERROR:process_reader_win.cc(123)] NtOpenThread: {Access Denied} A process has requested access to an object, but has not been granted those access rights. (0xc0000022)
[0427/174709.867:ERROR:process_reader_win.cc(151)] SuspendThread: Access is denied. (0x5)
[0427/174709.867:ERROR:exception_snapshot_win.cc(88)] thread ID 11756 not found in process
[0427/174709.867:ERROR:process_reader_win.cc(123)] NtOpenThread: {Access Denied} A process has requested access to an object, but has not been granted those access rights. (0xc0000022)
[0427/174709.867:WARNING:crash_report_exception_handler.cc(62)] ProcessSnapshotWin::Initialize failed
[0427/174709.867:ERROR:process_reader_win.cc(151)] SuspendThread: Access is denied. (0x5)
[0427/174709.867:ERROR:exception_snapshot_win.cc(88)] thread ID 11796 not found in process
[0427/174709.867:ERROR:process_reader_win.cc(123)] NtOpenThread: {Access Denied} A process has requested access to an object, but has not been granted those access rights. (0xc0000022)
[0427/174709.867:WARNING:crash_report_exception_handler.cc(62)] ProcessSnapshotWin::Initialize failed
[0427/174709.867:ERROR:exception_snapshot_win.cc(88)] thread ID 11820 not found in process
[0427/174709.868:WARNING:crash_report_exception_handler.cc(62)] ProcessSnapshotWin::Initialize failed
[0427/174709.805:ERROR:process_reader_win.cc(151)] SuspendThread: Access is denied. (0x5)
[0427/174709.870:ERROR:process_reader_win.cc(123)] NtOpenThread: {Access Denied} A process has requested access to an object, but has not been granted those access rights. (0xc0000022)
[0427/174709.870:ERROR:exception_snapshot_win.cc(88)] thread ID 11808 not found in process
[0427/174709.870:WARNING:crash_report_exception_handler.cc(62)] ProcessSnapshotWin::Initialize failed
[0427/174709.996:ERROR:process_reader_win.cc(123)] NtOpenThread: {Access Denied} A process has requested access to an object, but has not been granted those access rights. (0xc0000022)
[0427/174709.997:ERROR:exception_snapshot_win.cc(88)] thread ID 11836 not found in process
[0427/174709.997:WARNING:crash_report_exception_handler.cc(62)] ProcessSnapshotWin::Initialize failed
[0427/190320.200:ERROR:process_reader_win.cc(151)] SuspendThread: Access is denied. (0x5)
[0427/190320.200:ERROR:process_reader_win.cc(123)] NtOpenThread: {Access Denied} A process has requested access to an object, but has not been granted those access rights. (0xc0000022)
[0427/190320.200:ERROR:exception_snapshot_win.cc(88)] thread ID 11996 not found in process
[0427/190320.200:WARNING:crash_report_exception_handler.cc(62)] ProcessSnapshotWin::Initialize failed
[0427/190320.210:ERROR:process_reader_win.cc(123)] NtOpenThread: {Access Denied} A process has requested access to an object, but has not been granted those access rights. (0xc0000022)
[0427/190320.210:ERROR:exception_snapshot_win.cc(88)] thread ID 7840 not found in process
[0427/190320.210:WARNING:crash_report_exception_handler.cc(62)] ProcessSnapshotWin::Initialize failed
[0427/190320.220:ERROR:process_reader_win.cc(151)] SuspendThread: Access is denied. (0x5)
[0427/190320.220:ERROR:process_reader_win.cc(151)] SuspendThread: Access is denied. (0x5)
[0427/190320.220:ERROR:process_reader_win.cc(151)] SuspendThread: Access is denied. (0x5)
[0427/190320.220:ERROR:process_reader_win.cc(151)] SuspendThread: Access is denied. (0x5)
[0427/190320.220:ERROR:process_reader_win.cc(151)] SuspendThread: Access is denied. (0x5)
[0427/190320.220:ERROR:process_reader_win.cc(123)] NtOpenThread: {Access Denied} A process has requested access to an object, but has not been granted those access rights. (0xc0000022)
[0427/190320.220:ERROR:exception_snapshot_win.cc(88)] thread ID 11028 not found in process
[0427/190320.220:WARNING:crash_report_exception_handler.cc(62)] ProcessSnapshotWin::Initialize failed
[0427/190320.240:ERROR:process_reader_win.cc(151)] SuspendThread: Access is denied. (0x5)
[0427/190320.240:ERROR:process_reader_win.cc(151)] SuspendThread: Access is denied. (0x5)
[0427/190320.240:ERROR:process_reader_win.cc(151)] SuspendThread: Access is denied. (0x5)
[0427/190320.240:ERROR:process_reader_win.cc(123)] NtOpenThread: {Access Denied} A process has requested access to an object, but has not been granted those access rights. (0xc0000022)
[0427/190320.240:ERROR:exception_snapshot_win.cc(88)] thread ID 6076 not found in process
[0427/190320.240:WARNING:crash_report_exception_handler.cc(62)] ProcessSnapshotWin::Initialize failed
[0427/190320.370:ERROR:process_reader_win.cc(123)] NtOpenThread: {Access Denied} A process has requested access to an object, but has not been granted those access rights. (0xc0000022)
[0427/190320.370:ERROR:exception_snapshot_win.cc(88)] thread ID 11560 not found in process
[0427/190320.370:WARNING:crash_report_exception_handler.cc(62)] ProcessSnapshotWin::Initialize failed
[0427/190320.380:ERROR:process_reader_win.cc(123)] NtOpenThread: {Access Denied} A process has requested access to an object, but has not been granted those access rights. (0xc0000022)
[0427/190320.380:ERROR:exception_snapshot_win.cc(88)] thread ID 6300 not found in process
[0427/190320.380:WARNING:crash_report_exception_handler.cc(62)] ProcessSnapshotWin::Initialize failed
[0427/190320.400:ERROR:process_reader_win.cc(123)] NtOpenThread: {Access Denied} A process has requested access to an object, but has not been granted those access rights. (0xc0000022)
[0427/190320.400:ERROR:exception_snapshot_win.cc(88)] thread ID 5692 not found in process
[0427/190320.400:WARNING:crash_report_exception_handler.cc(62)] ProcessSnapshotWin::Initialize failed
[0428/174300.712:ERROR:process_reader_win.cc(123)] NtOpenThread: {Access Denied} A process has requested access to an object, but has not been granted those access rights. (0xc0000022)
[0428/174300.732:ERROR:exception_snapshot_win.cc(88)] thread ID 4200 not found in process
[0428/174300.732:WARNING:crash_report_exception_handler.cc(62)] ProcessSnapshotWin::Initialize failed
[0428/174300.802:ERROR:process_reader_win.cc(123)] NtOpenThread: {Access Denied} A process has requested access to an object, but has not been granted those access rights. (0xc0000022)
[0428/174300.802:ERROR:exception_snapshot_win.cc(88)] thread ID 6228 not found in process
[0428/174300.802:WARNING:crash_report_exception_handler.cc(62)] ProcessSnapshotWin::Initialize failed
[0428/174300.872:ERROR:process_reader_win.cc(123)] NtOpenThread: {Access Denied} A process has requested access to an object, but has not been granted those access rights. (0xc0000022)
[0428/174300.872:ERROR:exception_snapshot_win.cc(88)] thread ID 6980 not found in process
[0428/174300.872:WARNING:crash_report_exception_handler.cc(62)] ProcessSnapshotWin::Initialize failed
[0428/174300.882:ERROR:process_reader_win.cc(123)] NtOpenThread: {Access Denied} A process has requested access to an object, but has not been granted those access rights. (0xc0000022)
[0428/174300.882:ERROR:exception_snapshot_win.cc(88)] thread ID 5056 not found in process
[0428/174300.882:WARNING:crash_report_exception_handler.cc(62)] ProcessSnapshotWin::Initialize failed
[0428/175550.640:ERROR:process_reader_win.cc(151)] SuspendThread: Access is denied. (0x5)
[0428/175550.640:ERROR:process_reader_win.cc(123)] NtOpenThread: {Access Denied} A process has requested access to an object, but has not been granted those access rights. (0xc0000022)
[0428/175550.640:ERROR:exception_snapshot_win.cc(88)] thread ID 7504 not found in process
[0428/175550.640:WARNING:crash_report_exception_handler.cc(62)] ProcessSnapshotWin::Initialize failed
[0428/181513.339:ERROR:process_reader_win.cc(123)] NtOpenThread: {Access Denied} A process has requested access to an object, but has not been granted those access rights. (0xc0000022)
[0428/181513.339:ERROR:exception_snapshot_win.cc(88)] thread ID 8316 not found in process
[0428/181513.349:WARNING:crash_report_exception_handler.cc(62)] ProcessSnapshotWin::Initialize failed
[0428/181513.429:ERROR:process_reader_win.cc(123)] NtOpenThread: {Access Denied} A process has requested access to an object, but has not been granted those access rights. (0xc0000022)
[0428/181513.429:ERROR:exception_snapshot_win.cc(88)] thread ID 1028 not found in process
[0428/181513.429:WARNING:crash_report_exception_handler.cc(62)] ProcessSnapshotWin::Initialize failed
[0428/181513.434:ERROR:process_reader_win.cc(151)] SuspendThread: Access is denied. (0x5)
[0428/181513.435:ERROR:process_reader_win.cc(151)] SuspendThread: Access is denied. (0x5)
[0428/181513.435:ERROR:process_reader_win.cc(151)] SuspendThread: Access is denied. (0x5)
[0428/181513.435:ERROR:process_reader_win.cc(151)] SuspendThread: Access is denied. (0x5)
[0428/181513.435:ERROR:process_reader_win.cc(151)] SuspendThread: Access is denied. (0x5)
[0428/181513.435:ERROR:process_reader_win.cc(123)] NtOpenThread: {Access Denied} A process has requested access to an object, but has not been granted those access rights. (0xc0000022)
[0428/181513.436:ERROR:exception_snapshot_win.cc(88)] thread ID 8480 not found in process
[0428/181513.436:WARNING:crash_report_exception_handler.cc(62)] ProcessSnapshotWin::Initialize failed
[0428/181513.459:ERROR:process_reader_win.cc(151)] SuspendThread: Access is denied. (0x5)
[0428/181513.459:ERROR:process_reader_win.cc(151)] SuspendThread: Access is denied. (0x5)
[0428/181513.459:ERROR:process_reader_win.cc(151)] SuspendThread: Access is denied. (0x5)
[0428/181513.459:ERROR:process_reader_win.cc(151)] SuspendThread: Access is denied. (0x5)
[0428/181513.459:ERROR:process_reader_win.cc(151)] SuspendThread: Access is denied. (0x5)
[0428/181513.459:ERROR:process_reader_win.cc(151)] SuspendThread: Access is denied. (0x5)
[0428/181513.459:ERROR:process_reader_win.cc(151)] SuspendThread: Access is denied. (0x5)
[0428/181513.459:ERROR:process_reader_win.cc(123)] NtOpenThread: {Access Denied} A process has requested access to an object, but has not been granted those access rights. (0xc0000022)
[0428/181513.459:ERROR:exception_snapshot_win.cc(88)] thread ID 5528 not found in process
[0428/181513.459:WARNING:crash_report_exception_handler.cc(62)] ProcessSnapshotWin::Initialize failed
[0428/181513.559:ERROR:process_reader_win.cc(123)] NtOpenThread: {Access Denied} A process has requested access to an object, but has not been granted those access rights. (0xc0000022)
[0428/181513.559:ERROR:exception_snapshot_win.cc(88)] thread ID 7428 not found in process
[0428/181513.559:WARNING:crash_report_exception_handler.cc(62)] ProcessSnapshotWin::Initialize failed
[0428/181513.579:ERROR:process_reader_win.cc(123)] NtOpenThread: {Access Denied} A process has requested access to an object, but has not been granted those access rights. (0xc0000022)
[0428/181513.579:ERROR:exception_snapshot_win.cc(88)] thread ID 8688 not found in process
[0428/181513.579:WARNING:crash_report_exception_handler.cc(62)] ProcessSnapshotWin::Initialize failed
[0428/181513.589:ERROR:process_reader_win.cc(123)] NtOpenThread: {Access Denied} A process has requested access to an object, but has not been granted those access rights. (0xc0000022)
[0428/181513.589:ERROR:exception_snapshot_win.cc(88)] thread ID 4488 not found in process
[0428/181513.589:WARNING:crash_report_exception_handler.cc(62)] ProcessSnapshotWin::Initialize failed
[0429/002251.085:ERROR:process_reader_win.cc(123)] NtOpenThread: {Access Denied} A process has requested access to an object, but has not been granted those access rights. (0xc0000022)
[0429/002251.129:ERROR:exception_snapshot_win.cc(88)] thread ID 6896 not found in process
[0429/002251.129:WARNING:crash_report_exception_handler.cc(62)] ProcessSnapshotWin::Initialize failed
[0429/002251.796:ERROR:process_reader_win.cc(151)] SuspendThread: Access is denied. (0x5)
[0429/002251.796:ERROR:process_reader_win.cc(151)] SuspendThread: Access is denied. (0x5)
[0429/002251.796:ERROR:process_reader_win.cc(151)] SuspendThread: Access is denied. (0x5)
[0429/002251.796:ERROR:process_reader_win.cc(151)] SuspendThread: Access is denied. (0x5)
[0429/002251.796:ERROR:process_reader_win.cc(151)] SuspendThread: Access is denied. (0x5)
[0429/002251.796:ERROR:process_reader_win.cc(151)] SuspendThread: Access is denied. (0x5)
[0429/002251.796:ERROR:process_reader_win.cc(151)] SuspendThread: Access is denied. (0x5)
[0429/002251.796:ERROR:process_reader_win.cc(151)] SuspendThread: Access is denied. (0x5)
[0429/002251.796:ERROR:process_reader_win.cc(151)] SuspendThread: Access is denied. (0x5)
[0429/002251.796:ERROR:process_reader_win.cc(151)] SuspendThread: Access is denied. (0x5)
[0429/002251.796:ERROR:process_reader_win.cc(151)] SuspendThread: Access is denied. (0x5)
[0429/002251.796:ERROR:process_reader_win.cc(123)] NtOpenThread: {Access Denied} A process has requested access to an object, but has not been granted those access rights. (0xc0000022)
[0429/002251.797:ERROR:exception_snapshot_win.cc(88)] thread ID 9976 not found in process
[0429/002251.797:WARNING:crash_report_exception_handler.cc(62)] ProcessSnapshotWin::Initialize failed
[0429/175826.200:ERROR:process_reader_win.cc(123)] NtOpenThread: {Access Denied} A process has requested access to an object, but has not been granted those access rights. (0xc0000022)
[0429/175826.243:ERROR:exception_snapshot_win.cc(88)] thread ID 8072 not found in process
[0429/175826.206:ERROR:process_reader_win.cc(123)] NtOpenThread: {Access Denied} A process has requested access to an object, but has not been granted those access rights. (0xc0000022)
[0429/175826.244:WARNING:crash_report_exception_handler.cc(62)] ProcessSnapshotWin::Initialize failed
[0429/175826.244:ERROR:exception_snapshot_win.cc(88)] thread ID 10508 not found in process
[0429/175826.244:WARNING:crash_report_exception_handler.cc(62)] ProcessSnapshotWin::Initialize failed
[0430/161049.601:ERROR:process_reader_win.cc(123)] NtOpenThread: {Access Denied} A process has requested access to an object, but has not been granted those access rights. (0xc0000022)
[0430/161049.638:ERROR:exception_snapshot_win.cc(88)] thread ID 4208 not found in process
[0430/161049.638:WARNING:crash_report_exception_handler.cc(62)] ProcessSnapshotWin::Initialize failed
[0430/161049.938:ERROR:process_reader_win.cc(123)] NtOpenThread: {Access Denied} A process has requested access to an object, but has not been granted those access rights. (0xc0000022)
[0430/161049.938:ERROR:exception_snapshot_win.cc(88)] thread ID 7828 not found in process
[0430/161049.938:WARNING:crash_report_exception_handler.cc(62)] ProcessSnapshotWin::Initialize failed
[0430/161050.144:ERROR:process_reader_win.cc(123)] NtOpenThread: {Access Denied} A process has requested access to an object, but has not been granted those access rights. (0xc0000022)
[0430/161050.145:ERROR:exception_snapshot_win.cc(88)] thread ID 6688 not found in process
[0430/161050.145:WARNING:crash_report_exception_handler.cc(62)] ProcessSnapshotWin::Initialize failed
[0430/161050.248:ERROR:process_reader_win.cc(123)] NtOpenThread: {Access Denied} A process has requested access to an object, but has not been granted those access rights. (0xc0000022)
[0430/161050.248:ERROR:exception_snapshot_win.cc(88)] thread ID 12072 not found in process
[0430/161050.248:WARNING:crash_report_exception_handler.cc(62)] ProcessSnapshotWin::Initialize failed
[0508/184654.327:ERROR:process_reader_win.cc(123)] NtOpenThread: {Access Denied} A process has requested access to an object, but has not been granted those access rights. (0xc0000022)
[0508/184654.518:ERROR:exception_snapshot_win.cc(88)] thread ID 13964 not found in process
[0508/184654.518:WARNING:crash_report_exception_handler.cc(62)] ProcessSnapshotWin::Initialize failed
[0508/184654.658:ERROR:process_reader_win.cc(123)] NtOpenThread: {Access Denied} A process has requested access to an object, but has not been granted those access rights. (0xc0000022)
[0508/184654.658:ERROR:exception_snapshot_win.cc(88)] thread ID 14276 not found in process
[0508/184654.658:WARNING:crash_report_exception_handler.cc(62)] ProcessSnapshotWin::Initialize failed
[0508/184654.718:ERROR:process_reader_win.cc(123)] NtOpenThread: {Access Denied} A process has requested access to an object, but has not been granted those access rights. (0xc0000022)
[0508/184654.718:ERROR:exception_snapshot_win.cc(88)] thread ID 14212 not found in process
[0508/184654.718:WARNING:crash_report_exception_handler.cc(62)] ProcessSnapshotWin::Initialize failed
[0508/190348.299:ERROR:process_reader_win.cc(123)] NtOpenThread: {Access Denied} A process has requested access to an object, but has not been granted those access rights. (0xc0000022)
[0508/190348.299:ERROR:exception_snapshot_win.cc(88)] thread ID 11524 not found in process
[0508/190348.299:WARNING:crash_report_exception_handler.cc(62)] ProcessSnapshotWin::Initialize failed
[0508/190348.299:ERROR:process_reader_win.cc(151)] SuspendThread: Access is denied. (0x5)
[0508/190348.299:ERROR:process_reader_win.cc(151)] SuspendThread: Access is denied. (0x5)
[0508/190348.299:ERROR:process_reader_win.cc(123)] NtOpenThread: {Access Denied} A process has requested access to an object, but has not been granted those access rights. (0xc0000022)
[0508/190348.299:ERROR:exception_snapshot_win.cc(88)] thread ID 12560 not found in process
[0508/190348.299:WARNING:crash_report_exception_handler.cc(62)] ProcessSnapshotWin::Initialize failed
[0508/190348.319:ERROR:process_reader_win.cc(123)] NtOpenThread: {Access Denied} A process has requested access to an object, but has not been granted those access rights. (0xc0000022)
[0508/190348.319:ERROR:exception_snapshot_win.cc(88)] thread ID 14052 not found in process
[0508/190348.319:WARNING:crash_report_exception_handler.cc(62)] ProcessSnapshotWin::Initialize failed
[0508/200000.880:ERROR:process_reader_win.cc(151)] SuspendThread: Access is denied. (0x5)
[0508/200000.881:ERROR:process_reader_win.cc(151)] SuspendThread: Access is denied. (0x5)
[0508/200000.881:ERROR:process_reader_win.cc(151)] SuspendThread: Access is denied. (0x5)
[0508/200000.881:ERROR:process_reader_win.cc(123)] NtOpenThread: {Access Denied} A process has requested access to an object, but has not been granted those access rights. (0xc0000022)
[0508/200000.881:ERROR:exception_snapshot_win.cc(88)] thread ID 13728 not found in process
[0508/200000.881:WARNING:crash_report_exception_handler.cc(62)] ProcessSnapshotWin::Initialize failed
[0508/200000.947:ERROR:process_reader_win.cc(123)] NtOpenThread: {Access Denied} A process has requested access to an object, but has not been granted those access rights. (0xc0000022)
[0508/200000.947:ERROR:exception_snapshot_win.cc(88)] thread ID 9876 not found in process
[0508/200000.947:WARNING:crash_report_exception_handler.cc(62)] ProcessSnapshotWin::Initialize failed
[0508/200000.969:ERROR:process_reader_win.cc(123)] NtOpenThread: {Access Denied} A process has requested access to an object, but has not been granted those access rights. (0xc0000022)
[0508/200000.969:ERROR:exception_snapshot_win.cc(88)] thread ID 11352 not found in process
[0508/200000.969:WARNING:crash_report_exception_handler.cc(62)] ProcessSnapshotWin::Initialize failed
[0508/200001.018:ERROR:process_reader_win.cc(123)] NtOpenThread: {Access Denied} A process has requested access to an object, but has not been granted those access rights. (0xc0000022)
[0508/200001.018:ERROR:exception_snapshot_win.cc(88)] thread ID 9172 not found in process
[0508/200001.018:WARNING:crash_report_exception_handler.cc(62)] ProcessSnapshotWin::Initialize failed
[0508/235826.312:ERROR:process_reader_win.cc(123)] NtOpenThread: {Access Denied} A process has requested access to an object, but has not been granted those access rights. (0xc0000022)
[0508/235826.312:ERROR:process_reader_win.cc(123)] NtOpenThread: {Access Denied} A process has requested access to an object, but has not been granted those access rights. (0xc0000022)
[0508/235826.779:ERROR:exception_snapshot_win.cc(88)] thread ID 17020 not found in process
[0508/235826.779:ERROR:exception_snapshot_win.cc(88)] thread ID 16684 not found in process
[0508/235826.779:WARNING:crash_report_exception_handler.cc(62)] ProcessSnapshotWin::Initialize failed
[0508/235826.779:WARNING:crash_report_exception_handler.cc(62)] ProcessSnapshotWin::Initialize failed
[0508/235826.957:ERROR:process_reader_win.cc(123)] NtOpenThread: {Access Denied} A process has requested access to an object, but has not been granted those access rights. (0xc0000022)
[0508/235826.957:ERROR:process_reader_win.cc(123)] NtOpenThread: {Access Denied} A process has requested access to an object, but has not been granted those access rights. (0xc0000022)
[0508/235826.957:ERROR:exception_snapshot_win.cc(88)] thread ID 13468 not found in process
[0508/235826.957:ERROR:exception_snapshot_win.cc(88)] thread ID 16896 not found in process
[0508/235826.957:WARNING:crash_report_exception_handler.cc(62)] ProcessSnapshotWin::Initialize failed
[0508/235826.957:WARNING:crash_report_exception_handler.cc(62)] ProcessSnapshotWin::Initialize failed
[0508/235826.972:ERROR:process_reader_win.cc(123)] NtOpenThread: {Access Denied} A process has requested access to an object, but has not been granted those access rights. (0xc0000022)
[0508/235826.972:ERROR:exception_snapshot_win.cc(88)] thread ID 17268 not found in process
[0508/235826.972:WARNING:crash_report_exception_handler.cc(62)] ProcessSnapshotWin::Initialize failed
[0508/235827.337:ERROR:process_reader_win.cc(123)] NtOpenThread: {Access Denied} A process has requested access to an object, but has not been granted those access rights. (0xc0000022)
[0508/235827.337:ERROR:exception_snapshot_win.cc(88)] thread ID 17100 not found in process
[0508/235827.337:WARNING:crash_report_exception_handler.cc(62)] ProcessSnapshotWin::Initialize failed
[0508/235827.407:ERROR:process_reader_win.cc(123)] NtOpenThread: {Access Denied} A process has requested access to an object, but has not been granted those access rights. (0xc0000022)
[0508/235827.407:ERROR:exception_snapshot_win.cc(88)] thread ID 17088 not found in process
[0508/235827.407:WARNING:crash_report_exception_handler.cc(62)] ProcessSnapshotWin::Initialize failed
[0508/235828.232:ERROR:process_reader_win.cc(123)] NtOpenThread: {Access Denied} A process has requested access to an object, but has not been granted those access rights. (0xc0000022)
[0508/235828.234:ERROR:exception_snapshot_win.cc(88)] thread ID 8848 not found in process
[0508/235828.234:WARNING:crash_report_exception_handler.cc(62)] ProcessSnapshotWin::Initialize failed
[0509/001125.128:ERROR:process_reader_win.cc(151)] SuspendThread: Access is denied. (0x5)
[0509/001125.131:ERROR:process_reader_win.cc(123)] NtOpenThread: {Access Denied} A process has requested access to an object, but has not been granted those access rights. (0xc0000022)
[0509/001125.131:ERROR:exception_snapshot_win.cc(88)] thread ID 17184 not found in process
[0509/001125.131:WARNING:crash_report_exception_handler.cc(62)] ProcessSnapshotWin::Initialize failed
[0509/001125.401:ERROR:process_reader_win.cc(123)] NtOpenThread: {Access Denied} A process has requested access to an object, but has not been granted those access rights. (0xc0000022)
[0509/001125.401:ERROR:exception_snapshot_win.cc(88)] thread ID 14844 not found in process
[0509/001125.401:WARNING:crash_report_exception_handler.cc(62)] ProcessSnapshotWin::Initialize failed
[0509/001125.676:ERROR:process_reader_win.cc(123)] NtOpenThread: {Access Denied} A process has requested access to an object, but has not been granted those access rights. (0xc0000022)
[0509/001125.676:ERROR:exception_snapshot_win.cc(88)] thread ID 9476 not found in process
[0509/001125.676:WARNING:crash_report_exception_handler.cc(62)] ProcessSnapshotWin::Initialize failed
[0509/001125.714:ERROR:process_reader_win.cc(123)] NtOpenThread: {Access Denied} A process has requested access to an object, but has not been granted those access rights. (0xc0000022)
[0509/001125.714:ERROR:exception_snapshot_win.cc(88)] thread ID 15020 not found in process
[0509/001125.714:WARNING:crash_report_exception_handler.cc(62)] ProcessSnapshotWin::Initialize failed
[0509/001125.831:ERROR:process_reader_win.cc(123)] NtOpenThread: {Access Denied} A process has requested access to an object, but has not been granted those access rights. (0xc0000022)
[0509/001125.831:ERROR:exception_snapshot_win.cc(88)] thread ID 16048 not found in process
[0509/001125.831:WARNING:crash_report_exception_handler.cc(62)] ProcessSnapshotWin::Initialize failed
[0509/013337.462:ERROR:process_reader_win.cc(123)] NtOpenThread: {Access Denied} A process has requested access to an object, but has not been granted those access rights. (0xc0000022)
[0509/013337.464:ERROR:exception_snapshot_win.cc(88)] thread ID 12884 not found in process
[0509/013337.464:WARNING:crash_report_exception_handler.cc(62)] ProcessSnapshotWin::Initialize failed
[0509/013337.469:ERROR:process_reader_win.cc(123)] NtOpenThread: {Access Denied} A process has requested access to an object, but has not been granted those access rights. (0xc0000022)
[0509/013337.470:ERROR:exception_snapshot_win.cc(88)] thread ID 13080 not found in process
[0509/013337.470:WARNING:crash_report_exception_handler.cc(62)] ProcessSnapshotWin::Initialize failed
[0509/013337.480:ERROR:process_reader_win.cc(123)] NtOpenThread: {Access Denied} A process has requested access to an object, but has not been granted those access rights. (0xc0000022)
[0509/013337.481:ERROR:exception_snapshot_win.cc(88)] thread ID 15448 not found in process
[0509/013337.481:WARNING:crash_report_exception_handler.cc(62)] ProcessSnapshotWin::Initialize failed
[0509/013620.878:ERROR:process_reader_win.cc(123)] NtOpenThread: {Access Denied} A process has requested access to an object, but has not been granted those access rights. (0xc0000022)
[0509/013620.879:ERROR:exception_snapshot_win.cc(88)] thread ID 11888 not found in process
[0509/013620.879:WARNING:crash_report_exception_handler.cc(62)] ProcessSnapshotWin::Initialize failed
[0509/014010.309:ERROR:process_reader_win.cc(151)] SuspendThread: Access is denied. (0x5)
[0509/014010.309:ERROR:process_reader_win.cc(123)] NtOpenThread: {Access Denied} A process has requested access to an object, but has not been granted those access rights. (0xc0000022)
[0509/014010.309:ERROR:exception_snapshot_win.cc(88)] thread ID 10948 not found in process
[0509/014010.309:WARNING:crash_report_exception_handler.cc(62)] ProcessSnapshotWin::Initialize failed
[0509/015226.704:ERROR:process_reader_win.cc(123)] NtOpenThread: {Access Denied} A process has requested access to an object, but has not been granted those access rights. (0xc0000022)
[0509/015226.705:ERROR:exception_snapshot_win.cc(88)] thread ID 14932 not found in process
[0509/015226.705:WARNING:crash_report_exception_handler.cc(62)] ProcessSnapshotWin::Initialize failed
[0509/015336.094:ERROR:process_reader_win.cc(123)] NtOpenThread: {Access Denied} A process has requested access to an object, but has not been granted those access rights. (0xc0000022)
[0509/015336.096:ERROR:exception_snapshot_win.cc(88)] thread ID 16568 not found in process
[0509/015336.096:WARNING:crash_report_exception_handler.cc(62)] ProcessSnapshotWin::Initialize failed
[0509/015548.709:ERROR:process_reader_win.cc(123)] NtOpenThread: {Access Denied} A process has requested access to an object, but has not been granted those access rights. (0xc0000022)
[0509/015548.710:ERROR:exception_snapshot_win.cc(88)] thread ID 10948 not found in process
[0509/015548.710:WARNING:crash_report_exception_handler.cc(62)] ProcessSnapshotWin::Initialize failed
[0509/015548.727:ERROR:process_reader_win.cc(123)] NtOpenThread: {Access Denied} A process has requested access to an object, but has not been granted those access rights. (0xc0000022)
[0509/015548.728:ERROR:exception_snapshot_win.cc(88)] thread ID 10272 not found in process
[0509/015548.728:WARNING:crash_report_exception_handler.cc(62)] ProcessSnapshotWin::Initialize failed
[0509/020309.908:ERROR:process_reader_win.cc(151)] SuspendThread: Access is denied. (0x5)
[0509/020309.908:ERROR:process_reader_win.cc(151)] SuspendThread: Access is denied. (0x5)
[0509/020309.908:ERROR:process_reader_win.cc(151)] SuspendThread: Access is denied. (0x5)
[0509/020309.908:ERROR:process_reader_win.cc(151)] SuspendThread: Access is denied. (0x5)
[0509/020309.908:ERROR:process_reader_win.cc(151)] SuspendThread: Access is denied. (0x5)
[0509/020309.908:ERROR:process_reader_win.cc(151)] SuspendThread: Access is denied. (0x5)
[0509/020309.908:ERROR:process_reader_win.cc(151)] SuspendThread: Access is denied. (0x5)
[0509/020309.908:ERROR:process_reader_win.cc(151)] SuspendThread: Access is denied. (0x5)
[0509/020309.908:ERROR:process_reader_win.cc(123)] NtOpenThread: {Access Denied} A process has requested access to an object, but has not been granted those access rights. (0xc0000022)
[0509/020309.908:ERROR:exception_snapshot_win.cc(88)] thread ID 16396 not found in process
[0509/020309.908:WARNING:crash_report_exception_handler.cc(62)] ProcessSnapshotWin::Initialize failed
[0509/020309.908:ERROR:process_reader_win.cc(151)] SuspendThread: Access is denied. (0x5)
[0509/020309.918:ERROR:process_reader_win.cc(151)] SuspendThread: Access is denied. (0x5)
[0509/020309.918:ERROR:process_reader_win.cc(151)] SuspendThread: Access is denied. (0x5)
[0509/020309.918:ERROR:process_reader_win.cc(151)] SuspendThread: Access is denied. (0x5)
[0509/020309.918:ERROR:process_reader_win.cc(151)] SuspendThread: Access is denied. (0x5)
[0509/020309.918:ERROR:process_reader_win.cc(151)] SuspendThread: Access is denied. (0x5)
[0509/020309.918:ERROR:process_reader_win.cc(151)] SuspendThread: Access is denied. (0x5)
[0509/020309.918:ERROR:process_reader_win.cc(151)] SuspendThread: Access is denied. (0x5)
[0509/020309.918:ERROR:process_reader_win.cc(151)] SuspendThread: Access is denied. (0x5)
[0509/020309.918:ERROR:process_reader_win.cc(123)] NtOpenThread: {Access Denied} A process has requested access to an object, but has not been granted those access rights. (0xc0000022)
[0509/020309.918:ERROR:exception_snapshot_win.cc(88)] thread ID 12264 not found in process
[0509/020309.918:WARNING:crash_report_exception_handler.cc(62)] ProcessSnapshotWin::Initialize failed
[0509/021001.431:ERROR:process_reader_win.cc(123)] NtOpenThread: {Access Denied} A process has requested access to an object, but has not been granted those access rights. (0xc0000022)
[0509/021001.432:ERROR:exception_snapshot_win.cc(88)] thread ID 6000 not found in process
[0509/021001.432:WARNING:crash_report_exception_handler.cc(62)] ProcessSnapshotWin::Initialize failed
[0509/021016.369:ERROR:process_reader_win.cc(123)] NtOpenThread: {Access Denied} A process has requested access to an object, but has not been granted those access rights. (0xc0000022)
[0509/021016.370:ERROR:exception_snapshot_win.cc(88)] thread ID 16840 not found in process
[0509/021016.370:WARNING:crash_report_exception_handler.cc(62)] ProcessSnapshotWin::Initialize failed
[0509/021118.411:ERROR:process_reader_win.cc(123)] NtOpenThread: {Access Denied} A process has requested access to an object, but has not been granted those access rights. (0xc0000022)
[0509/021118.412:ERROR:exception_snapshot_win.cc(88)] thread ID 16620 not found in process
[0509/021118.412:WARNING:crash_report_exception_handler.cc(62)] ProcessSnapshotWin::Initialize failed
[0509/021200.790:ERROR:process_reader_win.cc(123)] NtOpenThread: {Access Denied} A process has requested access to an object, but has not been granted those access rights. (0xc0000022)
[0509/021200.791:ERROR:exception_snapshot_win.cc(88)] thread ID 9768 not found in process
[0509/021200.791:WARNING:crash_report_exception_handler.cc(62)] ProcessSnapshotWin::Initialize failed
[0509/021335.425:ERROR:process_reader_win.cc(123)] NtOpenThread: {Access Denied} A process has requested access to an object, but has not been granted those access rights. (0xc0000022)
[0509/021335.425:ERROR:exception_snapshot_win.cc(88)] thread ID 17164 not found in process
[0509/021335.426:WARNING:crash_report_exception_handler.cc(62)] ProcessSnapshotWin::Initialize failed
[0509/021412.718:ERROR:process_reader_win.cc(123)] NtOpenThread: {Access Denied} A process has requested access to an object, but has not been granted those access rights. (0xc0000022)
[0509/021412.719:ERROR:exception_snapshot_win.cc(88)] thread ID 12692 not found in process
[0509/021412.719:WARNING:crash_report_exception_handler.cc(62)] ProcessSnapshotWin::Initialize failed
[0509/021630.470:ERROR:process_reader_win.cc(123)] NtOpenThread: {Access Denied} A process has requested access to an object, but has not been granted those access rights. (0xc0000022)
[0509/021630.471:ERROR:exception_snapshot_win.cc(88)] thread ID 11112 not found in process
[0509/021630.471:WARNING:crash_report_exception_handler.cc(62)] ProcessSnapshotWin::Initialize failed
[0509/021630.518:ERROR:process_reader_win.cc(123)] NtOpenThread: {Access Denied} A process has requested access to an object, but has not been granted those access rights. (0xc0000022)
[0509/021630.518:ERROR:exception_snapshot_win.cc(88)] thread ID 13464 not found in process
[0509/021630.518:WARNING:crash_report_exception_handler.cc(62)] ProcessSnapshotWin::Initialize failed
[0509/021928.640:ERROR:process_reader_win.cc(151)] SuspendThread: Access is denied. (0x5)
[0509/021928.640:ERROR:process_reader_win.cc(123)] NtOpenThread: {Access Denied} A process has requested access to an object, but has not been granted those access rights. (0xc0000022)
[0509/021928.640:ERROR:exception_snapshot_win.cc(88)] thread ID 2132 not found in process
[0509/021928.640:WARNING:crash_report_exception_handler.cc(62)] ProcessSnapshotWin::Initialize failed
[0509/021928.660:ERROR:process_reader_win.cc(151)] SuspendThread: Access is denied. (0x5)
[0509/021928.660:ERROR:process_reader_win.cc(151)] SuspendThread: Access is denied. (0x5)
[0509/021928.660:ERROR:process_reader_win.cc(123)] NtOpenThread: {Access Denied} A process has requested access to an object, but has not been granted those access rights. (0xc0000022)
[0509/021928.660:ERROR:exception_snapshot_win.cc(88)] thread ID 12680 not found in process
[0509/021928.660:WARNING:crash_report_exception_handler.cc(62)] ProcessSnapshotWin::Initialize failed
[0509/022111.429:ERROR:process_reader_win.cc(123)] NtOpenThread: {Access Denied} A process has requested access to an object, but has not been granted those access rights. (0xc0000022)
[0509/022111.429:ERROR:exception_snapshot_win.cc(88)] thread ID 12660 not found in process
[0509/022111.429:WARNING:crash_report_exception_handler.cc(62)] ProcessSnapshotWin::Initialize failed
[0509/022307.153:ERROR:process_reader_win.cc(151)] SuspendThread: Access is denied. (0x5)
[0509/022307.154:ERROR:process_reader_win.cc(123)] NtOpenThread: {Access Denied} A process has requested access to an object, but has not been granted those access rights. (0xc0000022)
[0509/022307.154:ERROR:exception_snapshot_win.cc(88)] thread ID 3224 not found in process
[0509/022307.154:WARNING:crash_report_exception_handler.cc(62)] ProcessSnapshotWin::Initialize failed
[0509/152728.477:ERROR:process_reader_win.cc(151)] SuspendThread: Access is denied. (0x5)
[0509/152728.639:ERROR:process_reader_win.cc(151)] SuspendThread: Access is denied. (0x5)
[0509/152728.639:ERROR:process_reader_win.cc(151)] SuspendThread: Access is denied. (0x5)
[0509/152728.639:ERROR:process_reader_win.cc(151)] SuspendThread: Access is denied. (0x5)
[0509/152728.639:ERROR:process_reader_win.cc(151)] SuspendThread: Access is denied. (0x5)
[0509/152728.639:ERROR:process_reader_win.cc(151)] SuspendThread: Access is denied. (0x5)
[0509/152728.639:ERROR:process_reader_win.cc(151)] SuspendThread: Access is denied. (0x5)
[0509/152728.639:ERROR:process_reader_win.cc(151)] SuspendThread: Access is denied. (0x5)
[0509/152728.639:ERROR:process_reader_win.cc(151)] SuspendThread: Access is denied. (0x5)
[0509/152728.639:ERROR:process_reader_win.cc(151)] SuspendThread: Access is denied. (0x5)
[0509/152728.639:ERROR:process_reader_win.cc(151)] SuspendThread: Access is denied. (0x5)
[0509/152728.639:ERROR:process_reader_win.cc(151)] SuspendThread: Access is denied. (0x5)
[0509/152728.639:ERROR:process_reader_win.cc(123)] NtOpenThread: {Access Denied} A process has requested access to an object, but has not been granted those access rights. (0xc0000022)
[0509/152729.199:ERROR:exception_snapshot_win.cc(88)] thread ID 10992 not found in process
[0509/152729.199:WARNING:crash_report_exception_handler.cc(62)] ProcessSnapshotWin::Initialize failed
[0509/152729.697:ERROR:process_reader_win.cc(151)] SuspendThread: Access is denied. (0x5)
[0509/152729.697:ERROR:process_reader_win.cc(151)] SuspendThread: Access is denied. (0x5)
[0509/152729.697:ERROR:process_reader_win.cc(151)] SuspendThread: Access is denied. (0x5)
[0509/152729.697:ERROR:process_reader_win.cc(151)] SuspendThread: Access is denied. (0x5)
[0509/152729.697:ERROR:process_reader_win.cc(151)] SuspendThread: Access is denied. (0x5)
[0509/152729.697:ERROR:process_reader_win.cc(151)] SuspendThread: Access is denied. (0x5)
[0509/152729.697:ERROR:process_reader_win.cc(151)] SuspendThread: Access is denied. (0x5)
[0509/152729.697:ERROR:process_reader_win.cc(151)] SuspendThread: Access is denied. (0x5)
[0509/152729.697:ERROR:process_reader_win.cc(151)] SuspendThread: Access is denied. (0x5)
[0509/152729.697:ERROR:process_reader_win.cc(151)] SuspendThread: Access is denied. (0x5)
[0509/152729.697:ERROR:process_reader_win.cc(151)] SuspendThread: Access is denied. (0x5)
[0509/152729.697:ERROR:process_reader_win.cc(123)] NtOpenThread: {Access Denied} A process has requested access to an object, but has not been granted those access rights. (0xc0000022)
[0509/152729.697:ERROR:exception_snapshot_win.cc(88)] thread ID 21064 not found in process
[0509/152729.697:WARNING:crash_report_exception_handler.cc(62)] ProcessSnapshotWin::Initialize failed
[0509/152733.535:ERROR:process_reader_win.cc(123)] NtOpenThread: {Access Denied} A process has requested access to an object, but has not been granted those access rights. (0xc0000022)
[0509/152733.535:ERROR:exception_snapshot_win.cc(88)] thread ID 20224 not found in process
[0509/152733.535:WARNING:crash_report_exception_handler.cc(62)] ProcessSnapshotWin::Initialize failed
[0509/152733.605:ERROR:process_reader_win.cc(123)] NtOpenThread: {Access Denied} A process has requested access to an object, but has not been granted those access rights. (0xc0000022)
[0509/152733.605:ERROR:exception_snapshot_win.cc(88)] thread ID 20608 not found in process
[0509/152733.605:WARNING:crash_report_exception_handler.cc(62)] ProcessSnapshotWin::Initialize failed
[0509/152733.815:ERROR:process_reader_win.cc(123)] NtOpenThread: {Access Denied} A process has requested access to an object, but has not been granted those access rights. (0xc0000022)
[0509/152733.815:ERROR:exception_snapshot_win.cc(88)] thread ID 20128 not found in process
[0509/152733.815:WARNING:crash_report_exception_handler.cc(62)] ProcessSnapshotWin::Initialize failed
[0509/152734.135:ERROR:process_reader_win.cc(123)] NtOpenThread: {Access Denied} A process has requested access to an object, but has not been granted those access rights. (0xc0000022)
[0509/152734.135:ERROR:exception_snapshot_win.cc(88)] thread ID 21072 not found in process
[0509/152734.305:WARNING:crash_report_exception_handler.cc(62)] ProcessSnapshotWin::Initialize failed
[0509/152735.429:ERROR:process_reader_win.cc(123)] NtOpenThread: {Access Denied} A process has requested access to an object, but has not been granted those access rights. (0xc0000022)
[0509/152735.429:ERROR:exception_snapshot_win.cc(88)] thread ID 18020 not found in process
[0509/152735.429:WARNING:crash_report_exception_handler.cc(62)] ProcessSnapshotWin::Initialize failed
[0509/152735.629:ERROR:process_reader_win.cc(151)] SuspendThread: Access is denied. (0x5)
[0509/152735.629:ERROR:process_reader_win.cc(151)] SuspendThread: Access is denied. (0x5)
[0509/152735.629:ERROR:process_reader_win.cc(151)] SuspendThread: Access is denied. (0x5)
[0509/152735.629:ERROR:process_reader_win.cc(151)] SuspendThread: Access is denied. (0x5)
[0509/152735.629:ERROR:process_reader_win.cc(151)] SuspendThread: Access is denied. (0x5)
[0509/152735.629:ERROR:process_reader_win.cc(151)] SuspendThread: Access is denied. (0x5)
[0509/152735.629:ERROR:process_reader_win.cc(151)] SuspendThread: Access is denied. (0x5)
[0509/152735.629:ERROR:process_reader_win.cc(151)] SuspendThread: Access is denied. (0x5)
[0509/152735.629:ERROR:process_reader_win.cc(151)] SuspendThread: Access is denied. (0x5)
[0509/152735.629:ERROR:process_reader_win.cc(151)] SuspendThread: Access is denied. (0x5)
[0509/152735.629:ERROR:process_reader_win.cc(151)] SuspendThread: Access is denied. (0x5)
[0509/152735.629:ERROR:process_reader_win.cc(123)] NtOpenThread: {Access Denied} A process has requested access to an object, but has not been granted those access rights. (0xc0000022)
[0509/152735.629:ERROR:exception_snapshot_win.cc(88)] thread ID 19172 not found in process
[0509/152735.629:WARNING:crash_report_exception_handler.cc(62)] ProcessSnapshotWin::Initialize failed
[0509/152736.973:ERROR:process_reader_win.cc(123)] NtOpenThread: {Access Denied} A process has requested access to an object, but has not been granted those access rights. (0xc0000022)
[0509/152736.973:ERROR:exception_snapshot_win.cc(88)] thread ID 19940 not found in process
[0509/152736.973:WARNING:crash_report_exception_handler.cc(62)] ProcessSnapshotWin::Initialize failed
[0509/153906.866:ERROR:process_reader_win.cc(123)] NtOpenThread: {Access Denied} A process has requested access to an object, but has not been granted those access rights. (0xc0000022)
[0509/153906.866:ERROR:exception_snapshot_win.cc(88)] thread ID 11576 not found in process
[0509/153906.866:WARNING:crash_report_exception_handler.cc(62)] ProcessSnapshotWin::Initialize failed
[0509/153906.876:ERROR:process_reader_win.cc(151)] SuspendThread: Access is denied. (0x5)
[0509/153906.876:ERROR:process_reader_win.cc(123)] NtOpenThread: {Access Denied} A process has requested access to an object, but has not been granted those access rights. (0xc0000022)
[0509/153906.876:ERROR:exception_snapshot_win.cc(88)] thread ID 16812 not found in process
[0509/153906.876:WARNING:crash_report_exception_handler.cc(62)] ProcessSnapshotWin::Initialize failed
[0509/153906.956:ERROR:process_reader_win.cc(123)] NtOpenThread: {Access Denied} A process has requested access to an object, but has not been granted those access rights. (0xc0000022)
[0509/153906.956:ERROR:exception_snapshot_win.cc(88)] thread ID 10372 not found in process
[0509/153906.956:WARNING:crash_report_exception_handler.cc(62)] ProcessSnapshotWin::Initialize failed
[0509/154907.210:ERROR:process_reader_win.cc(123)] NtOpenThread: {Access Denied} A process has requested access to an object, but has not been granted those access rights. (0xc0000022)
[0509/154907.210:ERROR:exception_snapshot_win.cc(88)] thread ID 18508 not found in process
[0509/154907.210:WARNING:crash_report_exception_handler.cc(62)] ProcessSnapshotWin::Initialize failed
[0509/154907.266:ERROR:process_reader_win.cc(151)] SuspendThread: Access is denied. (0x5)
[0509/154907.266:ERROR:process_reader_win.cc(123)] NtOpenThread: {Access Denied} A process has requested access to an object, but has not been granted those access rights. (0xc0000022)
[0509/154907.266:ERROR:exception_snapshot_win.cc(88)] thread ID 8852 not found in process
[0509/154907.266:WARNING:crash_report_exception_handler.cc(62)] ProcessSnapshotWin::Initialize failed
[0509/154952.043:ERROR:process_reader_win.cc(123)] NtOpenThread: {Access Denied} A process has requested access to an object, but has not been granted those access rights. (0xc0000022)
[0509/154952.043:ERROR:exception_snapshot_win.cc(88)] thread ID 15132 not found in process
[0509/154952.043:WARNING:crash_report_exception_handler.cc(62)] ProcessSnapshotWin::Initialize failed
[0509/164028.934:ERROR:process_reader_win.cc(123)] NtOpenThread: {Access Denied} A process has requested access to an object, but has not been granted those access rights. (0xc0000022)
[0509/164028.934:ERROR:exception_snapshot_win.cc(88)] thread ID 12124 not found in process
[0509/164028.934:WARNING:crash_report_exception_handler.cc(62)] ProcessSnapshotWin::Initialize failed
[0509/164029.024:ERROR:process_reader_win.cc(123)] NtOpenThread: {Access Denied} A process has requested access to an object, but has not been granted those access rights. (0xc0000022)
[0509/164029.024:ERROR:exception_snapshot_win.cc(88)] thread ID 18752 not found in process
[0509/164029.024:WARNING:crash_report_exception_handler.cc(62)] ProcessSnapshotWin::Initialize failed
[0509/165231.956:ERROR:process_reader_win.cc(123)] NtOpenThread: {Access Denied} A process has requested access to an object, but has not been granted those access rights. (0xc0000022)
[0509/165231.956:ERROR:exception_snapshot_win.cc(88)] thread ID 15132 not found in process
[0509/165231.956:WARNING:crash_report_exception_handler.cc(62)] ProcessSnapshotWin::Initialize failed
[0509/165232.019:ERROR:process_reader_win.cc(123)] NtOpenThread: {Access Denied} A process has requested access to an object, but has not been granted those access rights. (0xc0000022)
[0509/165232.020:ERROR:exception_snapshot_win.cc(88)] thread ID 20848 not found in process
[0509/165232.020:WARNING:crash_report_exception_handler.cc(62)] ProcessSnapshotWin::Initialize failed
[0509/170406.048:ERROR:process_reader_win.cc(123)] NtOpenThread: {Access Denied} A process has requested access to an object, but has not been granted those access rights. (0xc0000022)
[0509/170406.049:ERROR:exception_snapshot_win.cc(88)] thread ID 18444 not found in process
[0509/170406.049:WARNING:crash_report_exception_handler.cc(62)] ProcessSnapshotWin::Initialize failed
[0509/170406.196:ERROR:process_reader_win.cc(123)] NtOpenThread: {Access Denied} A process has requested access to an object, but has not been granted those access rights. (0xc0000022)
[0509/170406.197:ERROR:exception_snapshot_win.cc(88)] thread ID 20464 not found in process
[0509/170406.197:WARNING:crash_report_exception_handler.cc(62)] ProcessSnapshotWin::Initialize failed
[0509/170406.220:ERROR:process_reader_win.cc(123)] NtOpenThread: {Access Denied} A process has requested access to an object, but has not been granted those access rights. (0xc0000022)
[0509/170406.221:ERROR:exception_snapshot_win.cc(88)] thread ID 15336 not found in process
[0509/170406.221:WARNING:crash_report_exception_handler.cc(62)] ProcessSnapshotWin::Initialize failed
[0509/170406.264:ERROR:process_reader_win.cc(123)] NtOpenThread: {Access Denied} A process has requested access to an object, but has not been granted those access rights. (0xc0000022)
[0509/170406.264:ERROR:exception_snapshot_win.cc(88)] thread ID 19940 not found in process
[0509/170406.264:WARNING:crash_report_exception_handler.cc(62)] ProcessSnapshotWin::Initialize failed
[0509/171645.376:ERROR:process_reader_win.cc(151)] SuspendThread: Access is denied. (0x5)
[0509/171645.377:ERROR:process_reader_win.cc(151)] SuspendThread: Access is denied. (0x5)
[0509/171645.377:ERROR:process_reader_win.cc(151)] SuspendThread: Access is denied. (0x5)
[0509/171645.377:ERROR:process_reader_win.cc(151)] SuspendThread: Access is denied. (0x5)
[0509/171645.377:ERROR:process_reader_win.cc(151)] SuspendThread: Access is denied. (0x5)
[0509/171645.377:ERROR:process_reader_win.cc(151)] SuspendThread: Access is denied. (0x5)
[0509/171645.377:ERROR:process_reader_win.cc(151)] SuspendThread: Access is denied. (0x5)
[0509/171645.377:ERROR:process_reader_win.cc(151)] SuspendThread: Access is denied. (0x5)
[0509/171645.377:ERROR:process_reader_win.cc(123)] NtOpenThread: {Access Denied} A process has requested access to an object, but has not been granted those access rights. (0xc0000022)
[0509/171645.378:ERROR:exception_snapshot_win.cc(88)] thread ID 19216 not found in process
[0509/171645.378:WARNING:crash_report_exception_handler.cc(62)] ProcessSnapshotWin::Initialize failed
[0509/171645.381:ERROR:process_reader_win.cc(151)] SuspendThread: Access is denied. (0x5)
[0509/171645.381:ERROR:process_reader_win.cc(151)] SuspendThread: Access is denied. (0x5)
[0509/171645.382:ERROR:process_reader_win.cc(151)] SuspendThread: Access is denied. (0x5)
[0509/171645.382:ERROR:process_reader_win.cc(151)] SuspendThread: Access is denied. (0x5)
[0509/171645.382:ERROR:process_reader_win.cc(123)] NtOpenThread: {Access Denied} A process has requested access to an object, but has not been granted those access rights. (0xc0000022)
[0509/171645.382:ERROR:exception_snapshot_win.cc(88)] thread ID 8720 not found in process
[0509/171645.382:WARNING:crash_report_exception_handler.cc(62)] ProcessSnapshotWin::Initialize failed
[0509/172809.027:ERROR:process_reader_win.cc(123)] NtOpenThread: {Access Denied} A process has requested access to an object, but has not been granted those access rights. (0xc0000022)
[0509/172809.027:ERROR:exception_snapshot_win.cc(88)] thread ID 9592 not found in process
[0509/172809.027:WARNING:crash_report_exception_handler.cc(62)] ProcessSnapshotWin::Initialize failed
[0509/172809.115:ERROR:process_reader_win.cc(123)] NtOpenThread: {Access Denied} A process has requested access to an object, but has not been granted those access rights. (0xc0000022)
[0509/172809.117:ERROR:exception_snapshot_win.cc(88)] thread ID 20604 not found in process
[0509/172809.117:WARNING:crash_report_exception_handler.cc(62)] ProcessSnapshotWin::Initialize failed
[0509/172809.147:ERROR:process_reader_win.cc(123)] NtOpenThread: {Access Denied} A process has requested access to an object, but has not been granted those access rights. (0xc0000022)
[0509/172809.147:ERROR:exception_snapshot_win.cc(88)] thread ID 20212 not found in process
[0509/172809.147:WARNING:crash_report_exception_handler.cc(62)] ProcessSnapshotWin::Initialize failed
[0509/173813.434:ERROR:process_reader_win.cc(123)] NtOpenThread: {Access Denied} A process has requested access to an object, but has not been granted those access rights. (0xc0000022)
[0509/173813.434:ERROR:exception_snapshot_win.cc(88)] thread ID 20524 not found in process
[0509/173813.434:WARNING:crash_report_exception_handler.cc(62)] ProcessSnapshotWin::Initialize failed
[0509/180747.629:ERROR:process_reader_win.cc(123)] NtOpenThread: {Access Denied} A process has requested access to an object, but has not been granted those access rights. (0xc0000022)
[0509/180747.629:ERROR:exception_snapshot_win.cc(88)] thread ID 17900 not found in process
[0509/180747.629:WARNING:crash_report_exception_handler.cc(62)] ProcessSnapshotWin::Initialize failed
[0509/180747.709:ERROR:process_reader_win.cc(123)] NtOpenThread: {Access Denied} A process has requested access to an object, but has not been granted those access rights. (0xc0000022)
[0509/180747.709:ERROR:exception_snapshot_win.cc(88)] thread ID 20652 not found in process
[0509/180747.709:WARNING:crash_report_exception_handler.cc(62)] ProcessSnapshotWin::Initialize failed
[0509/180747.759:ERROR:process_reader_win.cc(123)] NtOpenThread: {Access Denied} A process has requested access to an object, but has not been granted those access rights. (0xc0000022)
[0509/180747.759:ERROR:exception_snapshot_win.cc(88)] thread ID 17792 not found in process
[0509/180747.759:WARNING:crash_report_exception_handler.cc(62)] ProcessSnapshotWin::Initialize failed
[0509/181020.632:ERROR:process_reader_win.cc(123)] NtOpenThread: {Access Denied} A process has requested access to an object, but has not been granted those access rights. (0xc0000022)
[0509/181020.632:ERROR:exception_snapshot_win.cc(88)] thread ID 18952 not found in process
[0509/181020.632:WARNING:crash_report_exception_handler.cc(62)] ProcessSnapshotWin::Initialize failed
[0510/141958.186:ERROR:process_reader_win.cc(151)] SuspendThread: Access is denied. (0x5)
[0510/141958.235:ERROR:process_reader_win.cc(151)] SuspendThread: Access is denied. (0x5)
[0510/141958.235:ERROR:process_reader_win.cc(151)] SuspendThread: Access is denied. (0x5)
[0510/141958.235:ERROR:process_reader_win.cc(151)] SuspendThread: Access is denied. (0x5)
[0510/141958.235:ERROR:process_reader_win.cc(123)] NtOpenThread: {Access Denied} A process has requested access to an object, but has not been granted those access rights. (0xc0000022)
[0510/141958.235:ERROR:exception_snapshot_win.cc(88)] thread ID 15876 not found in process
[0510/141958.235:WARNING:crash_report_exception_handler.cc(62)] ProcessSnapshotWin::Initialize failed
[0510/142054.996:ERROR:process_reader_win.cc(123)] NtOpenThread: {Access Denied} A process has requested access to an object, but has not been granted those access rights. (0xc0000022)
[0510/142054.997:ERROR:exception_snapshot_win.cc(88)] thread ID 8256 not found in process
[0510/142054.997:WARNING:crash_report_exception_handler.cc(62)] ProcessSnapshotWin::Initialize failed
[0510/145219.028:ERROR:process_reader_win.cc(123)] NtOpenThread: {Access Denied} A process has requested access to an object, but has not been granted those access rights. (0xc0000022)
[0510/145219.029:ERROR:exception_snapshot_win.cc(88)] thread ID 18312 not found in process
[0510/145219.029:WARNING:crash_report_exception_handler.cc(62)] ProcessSnapshotWin::Initialize failed
[0510/145419.046:ERROR:process_reader_win.cc(123)] NtOpenThread: {Access Denied} A process has requested access to an object, but has not been granted those access rights. (0xc0000022)
[0510/145419.046:ERROR:exception_snapshot_win.cc(88)] thread ID 15500 not found in process
[0510/145419.046:WARNING:crash_report_exception_handler.cc(62)] ProcessSnapshotWin::Initialize failed
[0510/175024.036:ERROR:process_reader_win.cc(123)] NtOpenThread: {Access Denied} A process has requested access to an object, but has not been granted those access rights. (0xc0000022)
[0510/175024.081:ERROR:exception_snapshot_win.cc(88)] thread ID 10336 not found in process
[0510/175024.069:ERROR:process_reader_win.cc(123)] NtOpenThread: {Access Denied} A process has requested access to an object, but has not been granted those access rights. (0xc0000022)
[0510/175024.081:WARNING:crash_report_exception_handler.cc(62)] ProcessSnapshotWin::Initialize failed
[0510/175024.081:ERROR:exception_snapshot_win.cc(88)] thread ID 20488 not found in process
[0510/175024.082:WARNING:crash_report_exception_handler.cc(62)] ProcessSnapshotWin::Initialize failed
[0510/175024.069:ERROR:process_reader_win.cc(123)] NtOpenThread: {Access Denied} A process has requested access to an object, but has not been granted those access rights. (0xc0000022)
[0510/175024.082:ERROR:exception_snapshot_win.cc(88)] thread ID 6996 not found in process
[0510/175024.082:WARNING:crash_report_exception_handler.cc(62)] ProcessSnapshotWin::Initialize failed
[0511/153338.274:ERROR:process_reader_win.cc(123)] NtOpenThread: {Access Denied} A process has requested access to an object, but has not been granted those access rights. (0xc0000022)
[0511/153338.334:ERROR:exception_snapshot_win.cc(88)] thread ID 14984 not found in process
[0511/153338.334:WARNING:crash_report_exception_handler.cc(62)] ProcessSnapshotWin::Initialize failed
[0511/153709.226:ERROR:process_reader_win.cc(123)] NtOpenThread: {Access Denied} A process has requested access to an object, but has not been granted those access rights. (0xc0000022)
[0511/153709.227:ERROR:exception_snapshot_win.cc(88)] thread ID 7712 not found in process
[0511/153709.227:WARNING:crash_report_exception_handler.cc(62)] ProcessSnapshotWin::Initialize failed
[0511/154048.621:ERROR:process_reader_win.cc(123)] NtOpenThread: {Access Denied} A process has requested access to an object, but has not been granted those access rights. (0xc0000022)
[0511/154048.621:ERROR:exception_snapshot_win.cc(88)] thread ID 19104 not found in process
[0511/154048.622:WARNING:crash_report_exception_handler.cc(62)] ProcessSnapshotWin::Initialize failed
[0511/154328.323:ERROR:process_reader_win.cc(123)] NtOpenThread: {Access Denied} A process has requested access to an object, but has not been granted those access rights. (0xc0000022)
[0511/154328.323:ERROR:exception_snapshot_win.cc(88)] thread ID 17528 not found in process
[0511/154328.323:WARNING:crash_report_exception_handler.cc(62)] ProcessSnapshotWin::Initialize failed
[0511/154844.038:ERROR:process_reader_win.cc(123)] NtOpenThread: {Access Denied} A process has requested access to an object, but has not been granted those access rights. (0xc0000022)
[0511/154844.038:ERROR:exception_snapshot_win.cc(88)] thread ID 18700 not found in process
[0511/154844.038:WARNING:crash_report_exception_handler.cc(62)] ProcessSnapshotWin::Initialize failed
